<?xml version="1.0" encoding="UTF-8"?>
<testsuite xmlns:xsi="http://www.w3.org/2001/XMLSchema-instance" xsi:noNamespaceSchemaLocation="https://maven.apache.org/surefire/maven-surefire-plugin/xsd/surefire-test-report-3.0.xsd" version="3.0" name="TestSuite" time="1,029.547" tests="10" errors="0" skipped="0" failures="1">
  <properties>
    <property name="java.specification.version" value="17"/>
    <property name="sun.cpu.isalist" value="amd64"/>
    <property name="sun.jnu.encoding" value="Cp1252"/>
    <property name="sun.awt.enableExtraMouseButtons" value="true"/>
    <property name="java.class.path" value="C:\code\Flairdocs1\target\test-classes;C:\code\Flairdocs1\target\classes;C:\Users\Dell\.m2\repository\org\apache\poi\poi\4.1.1\poi-4.1.1.jar;C:\Users\Dell\.m2\repository\commons-codec\commons-codec\1.13\commons-codec-1.13.jar;C:\Users\Dell\.m2\repository\org\apache\commons\commons-collections4\4.4\commons-collections4-4.4.jar;C:\Users\Dell\.m2\repository\org\apache\commons\commons-math3\3.6.1\commons-math3-3.6.1.jar;C:\Users\Dell\.m2\repository\org\apache\poi\poi-ooxml\4.1.1\poi-ooxml-4.1.1.jar;C:\Users\Dell\.m2\repository\org\apache\commons\commons-compress\1.19\commons-compress-1.19.jar;C:\Users\Dell\.m2\repository\com\github\virtuald\curvesapi\1.06\curvesapi-1.06.jar;C:\Users\Dell\.m2\repository\dom4j\dom4j\1.6.1\dom4j-1.6.1.jar;C:\Users\Dell\.m2\repository\xml-apis\xml-apis\1.0.b2\xml-apis-1.0.b2.jar;C:\Users\Dell\.m2\repository\com\google\guava\guava\31.1-jre\guava-31.1-jre.jar;C:\Users\Dell\.m2\repository\com\google\guava\failureaccess\1.0.1\failureaccess-1.0.1.jar;C:\Users\Dell\.m2\repository\com\google\guava\listenablefuture\9999.0-empty-to-avoid-conflict-with-guava\listenablefuture-9999.0-empty-to-avoid-conflict-with-guava.jar;C:\Users\Dell\.m2\repository\com\google\code\findbugs\jsr305\3.0.2\jsr305-3.0.2.jar;C:\Users\Dell\.m2\repository\org\checkerframework\checker-qual\3.12.0\checker-qual-3.12.0.jar;C:\Users\Dell\.m2\repository\com\google\errorprone\error_prone_annotations\2.11.0\error_prone_annotations-2.11.0.jar;C:\Users\Dell\.m2\repository\com\google\j2objc\j2objc-annotations\1.3\j2objc-annotations-1.3.jar;C:\Users\Dell\.m2\repository\org\apache\xmlbeans\xmlbeans\3.1.0\xmlbeans-3.1.0.jar;C:\Users\Dell\.m2\repository\org\apache\poi\poi-ooxml-schemas\4.1.1\poi-ooxml-schemas-4.1.1.jar;C:\Users\Dell\.m2\repository\org\testng\testng\6.14.3\testng-6.14.3.jar;C:\Users\Dell\.m2\repository\com\beust\jcommander\1.72\jcommander-1.72.jar;C:\Users\Dell\.m2\repository\org\apache-extras\beanshell\bsh\2.0b6\bsh-2.0b6.jar;C:\Users\Dell\.m2\repository\com\sun\mail\javax.mail\1.6.2\javax.mail-1.6.2.jar;C:\Users\Dell\.m2\repository\javax\activation\activation\1.1\activation-1.1.jar;C:\Users\Dell\.m2\repository\mysql\mysql-connector-java\8.0.30\mysql-connector-java-8.0.30.jar;C:\Users\Dell\.m2\repository\com\google\protobuf\protobuf-java\3.19.4\protobuf-java-3.19.4.jar;C:\Users\Dell\.m2\repository\log4j\log4j\1.2.17\log4j-1.2.17.jar;C:\Users\Dell\.m2\repository\com\microsoft\playwright\playwright\1.25.0\playwright-1.25.0.jar;C:\Users\Dell\.m2\repository\com\google\code\gson\gson\2.8.9\gson-2.8.9.jar;C:\Users\Dell\.m2\repository\org\opentest4j\opentest4j\1.2.0\opentest4j-1.2.0.jar;C:\Users\Dell\.m2\repository\com\microsoft\playwright\driver\1.25.0\driver-1.25.0.jar;C:\Users\Dell\.m2\repository\com\microsoft\playwright\driver-bundle\1.25.0\driver-bundle-1.25.0.jar;C:\Users\Dell\.m2\repository\com\aventstack\extentreports\5.0.9\extentreports-5.0.9.jar;C:\Users\Dell\.m2\repository\io\reactivex\rxjava3\rxjava\3.0.4\rxjava-3.0.4.jar;C:\Users\Dell\.m2\repository\org\reactivestreams\reactive-streams\1.0.3\reactive-streams-1.0.3.jar;C:\Users\Dell\.m2\repository\org\freemarker\freemarker\2.3.30\freemarker-2.3.30.jar;C:\Users\Dell\.m2\repository\org\projectlombok\lombok\1.18.32\lombok-1.18.32.jar;"/>
    <property name="java.vm.vendor" value="Oracle Corporation"/>
    <property name="sun.arch.data.model" value="64"/>
    <property name="user.variant" value=""/>
    <property name="java.vendor.url" value="https://java.oracle.com/"/>
    <property name="user.timezone" value="Asia/Calcutta"/>
    <property name="os.name" value="Windows 11"/>
    <property name="java.vm.specification.version" value="17"/>
    <property name="sun.java.launcher" value="SUN_STANDARD"/>
    <property name="user.country" value="US"/>
    <property name="sun.boot.library.path" value="C:\Program Files\Java\jdk-17\bin"/>
    <property name="sun.java.command" value="C:\Users\Dell\AppData\Local\Temp\surefire12565556207617412888\surefirebooter-20250722225047256_3.jar C:\Users\Dell\AppData\Local\Temp\surefire12565556207617412888 2025-07-22T22-50-46_986-jvmRun1 surefire-20250722225047256_1tmp surefire_0-20250722225047256_2tmp"/>
    <property name="jdk.debug" value="release"/>
    <property name="surefire.test.class.path" value="C:\code\Flairdocs1\target\test-classes;C:\code\Flairdocs1\target\classes;C:\Users\Dell\.m2\repository\org\apache\poi\poi\4.1.1\poi-4.1.1.jar;C:\Users\Dell\.m2\repository\commons-codec\commons-codec\1.13\commons-codec-1.13.jar;C:\Users\Dell\.m2\repository\org\apache\commons\commons-collections4\4.4\commons-collections4-4.4.jar;C:\Users\Dell\.m2\repository\org\apache\commons\commons-math3\3.6.1\commons-math3-3.6.1.jar;C:\Users\Dell\.m2\repository\org\apache\poi\poi-ooxml\4.1.1\poi-ooxml-4.1.1.jar;C:\Users\Dell\.m2\repository\org\apache\commons\commons-compress\1.19\commons-compress-1.19.jar;C:\Users\Dell\.m2\repository\com\github\virtuald\curvesapi\1.06\curvesapi-1.06.jar;C:\Users\Dell\.m2\repository\dom4j\dom4j\1.6.1\dom4j-1.6.1.jar;C:\Users\Dell\.m2\repository\xml-apis\xml-apis\1.0.b2\xml-apis-1.0.b2.jar;C:\Users\Dell\.m2\repository\com\google\guava\guava\31.1-jre\guava-31.1-jre.jar;C:\Users\Dell\.m2\repository\com\google\guava\failureaccess\1.0.1\failureaccess-1.0.1.jar;C:\Users\Dell\.m2\repository\com\google\guava\listenablefuture\9999.0-empty-to-avoid-conflict-with-guava\listenablefuture-9999.0-empty-to-avoid-conflict-with-guava.jar;C:\Users\Dell\.m2\repository\com\google\code\findbugs\jsr305\3.0.2\jsr305-3.0.2.jar;C:\Users\Dell\.m2\repository\org\checkerframework\checker-qual\3.12.0\checker-qual-3.12.0.jar;C:\Users\Dell\.m2\repository\com\google\errorprone\error_prone_annotations\2.11.0\error_prone_annotations-2.11.0.jar;C:\Users\Dell\.m2\repository\com\google\j2objc\j2objc-annotations\1.3\j2objc-annotations-1.3.jar;C:\Users\Dell\.m2\repository\org\apache\xmlbeans\xmlbeans\3.1.0\xmlbeans-3.1.0.jar;C:\Users\Dell\.m2\repository\org\apache\poi\poi-ooxml-schemas\4.1.1\poi-ooxml-schemas-4.1.1.jar;C:\Users\Dell\.m2\repository\org\testng\testng\6.14.3\testng-6.14.3.jar;C:\Users\Dell\.m2\repository\com\beust\jcommander\1.72\jcommander-1.72.jar;C:\Users\Dell\.m2\repository\org\apache-extras\beanshell\bsh\2.0b6\bsh-2.0b6.jar;C:\Users\Dell\.m2\repository\com\sun\mail\javax.mail\1.6.2\javax.mail-1.6.2.jar;C:\Users\Dell\.m2\repository\javax\activation\activation\1.1\activation-1.1.jar;C:\Users\Dell\.m2\repository\mysql\mysql-connector-java\8.0.30\mysql-connector-java-8.0.30.jar;C:\Users\Dell\.m2\repository\com\google\protobuf\protobuf-java\3.19.4\protobuf-java-3.19.4.jar;C:\Users\Dell\.m2\repository\log4j\log4j\1.2.17\log4j-1.2.17.jar;C:\Users\Dell\.m2\repository\com\microsoft\playwright\playwright\1.25.0\playwright-1.25.0.jar;C:\Users\Dell\.m2\repository\com\google\code\gson\gson\2.8.9\gson-2.8.9.jar;C:\Users\Dell\.m2\repository\org\opentest4j\opentest4j\1.2.0\opentest4j-1.2.0.jar;C:\Users\Dell\.m2\repository\com\microsoft\playwright\driver\1.25.0\driver-1.25.0.jar;C:\Users\Dell\.m2\repository\com\microsoft\playwright\driver-bundle\1.25.0\driver-bundle-1.25.0.jar;C:\Users\Dell\.m2\repository\com\aventstack\extentreports\5.0.9\extentreports-5.0.9.jar;C:\Users\Dell\.m2\repository\io\reactivex\rxjava3\rxjava\3.0.4\rxjava-3.0.4.jar;C:\Users\Dell\.m2\repository\org\reactivestreams\reactive-streams\1.0.3\reactive-streams-1.0.3.jar;C:\Users\Dell\.m2\repository\org\freemarker\freemarker\2.3.30\freemarker-2.3.30.jar;C:\Users\Dell\.m2\repository\org\projectlombok\lombok\1.18.32\lombok-1.18.32.jar;"/>
    <property name="sun.cpu.endian" value="little"/>
    <property name="user.home" value="C:\Users\Dell"/>
    <property name="user.language" value="en"/>
    <property name="java.specification.vendor" value="Oracle Corporation"/>
    <property name="java.version.date" value="2025-01-21"/>
    <property name="java.home" value="C:\Program Files\Java\jdk-17"/>
    <property name="file.separator" value="\"/>
    <property name="basedir" value="C:\code\Flairdocs1"/>
    <property name="java.vm.compressedOopsMode" value="Zero based"/>
    <property name="line.separator" value="&#10;"/>
    <property name="java.vm.specification.vendor" value="Oracle Corporation"/>
    <property name="java.specification.name" value="Java Platform API Specification"/>
    <property name="surefire.real.class.path" value="C:\Users\Dell\AppData\Local\Temp\surefire12565556207617412888\surefirebooter-20250722225047256_3.jar"/>
    <property name="user.script" value=""/>
    <property name="sun.management.compiler" value="HotSpot 64-Bit Tiered Compilers"/>
    <property name="java.runtime.version" value="17.0.14+8-LTS-191"/>
    <property name="user.name" value="Dell"/>
    <property name="path.separator" value=";"/>
    <property name="os.version" value="10.0"/>
    <property name="java.runtime.name" value="Java(TM) SE Runtime Environment"/>
    <property name="file.encoding" value="Cp1252"/>
    <property name="java.vm.name" value="Java HotSpot(TM) 64-Bit Server VM"/>
    <property name="localRepository" value="C:\Users\Dell\.m2\repository"/>
    <property name="java.vendor.url.bug" value="https://bugreport.java.com/bugreport/"/>
    <property name="java.io.tmpdir" value="C:\Users\Dell\AppData\Local\Temp\"/>
    <property name="java.version" value="17.0.14"/>
    <property name="user.dir" value="C:\code\Flairdocs1"/>
    <property name="os.arch" value="amd64"/>
    <property name="java.vm.specification.name" value="Java Virtual Machine Specification"/>
    <property name="sun.os.patch.level" value=""/>
    <property name="native.encoding" value="Cp1252"/>
    <property name="java.library.path" value="C:\Program Files\Java\jdk-17\bin;C:\Windows\Sun\Java\bin;C:\Windows\system32;C:\Windows;C:\Program Files\Common Files\Oracle\Java\javapath;C:\Windows\system32;C:\Windows;C:\Windows\System32\Wbem;C:\Windows\System32\WindowsPowerShell\v1.0\;C:\Windows\System32\OpenSSH\;C:\Program Files\Java\jdk-17\bin;C:\Program Files\Java\jdk-17\bin;c:\Users\Dell\AppData\Local\Programs\cursor\resources\app\bin;C:\maven\apache-maven-3.8.8\bin;C:\Program Files\Git\cmd;C:\Program Files\Docker\Docker\resources\bin;C:\Users\Dell\AppData\Local\Microsoft\WindowsApps;C:\Users\Dell\AppData\Local\Programs\Microsoft VS Code\bin;C:\Users\Dell\AppData\Local\Programs\cursor\resources\app\bin;."/>
    <property name="java.vm.info" value="mixed mode, sharing"/>
    <property name="java.vendor" value="Oracle Corporation"/>
    <property name="java.vm.version" value="17.0.14+8-LTS-191"/>
    <property name="java.specification.maintenance.version" value="1"/>
    <property name="sun.io.unicode.encoding" value="UnicodeLittle"/>
    <property name="java.class.version" value="61.0"/>
  </properties>
  <testcase name="completeLoginAndTabSelection" classname="testcases.FullUserJourneyTest" time="101.862">
    <system-out><![CDATA[[TestNGContentHandler] [WARN] It is strongly recommended to add "<!DOCTYPE suite SYSTEM "http://testng.org/testng-1.0.dtd" >" at the top of your file, otherwise TestNG may fail or not work as expected.
2025-07-22 22:50:48 INFO  FullUserJourneyTest:62 - Test Execution Started
 2025-07-22 22:50:48 INFO  FullUserJourneyTest:68 - OR.properties file loaded
 2025-07-22 22:50:48 INFO  FullUserJourneyTest:84 - Screen size detected: 1536 x 864
 2025-07-22 22:50:58 INFO  FullUserJourneyTest:105 - Launched chrome maximized
 2025-07-22 22:51:23 INFO  FullUserJourneyTest:256 - Login successful
 2025-07-22 22:51:23 INFO  FullUserJourneyTest:139 - ExtentTest created for method: completeLoginAndTabSelection
 ]]></system-out>
    <system-err><![CDATA[log4j:WARN No appenders could be found for logger (extentlisteners.ExtentListeners).
log4j:WARN Please initialize the log4j system properly.
log4j:WARN See http://logging.apache.org/log4j/1.2/faq.html#noconfig for more info.
]]></system-err>
  </testcase>
  <testcase name="panelExpansion" classname="testcases.FullUserJourneyTest" time="20.671">
    <failure message="Test failed due to exception: " type="java.lang.RuntimeException"><![CDATA[java.lang.RuntimeException: Test failed due to exception: 
	at testcases.FullUserJourneyTest.panelExpansion(FullUserJourneyTest.java:103)
	at java.base/jdk.internal.reflect.NativeMethodAccessorImpl.invoke0(Native Method)
	at java.base/jdk.internal.reflect.NativeMethodAccessorImpl.invoke(NativeMethodAccessorImpl.java:77)
	at java.base/jdk.internal.reflect.DelegatingMethodAccessorImpl.invoke(DelegatingMethodAccessorImpl.java:43)
	at java.base/java.lang.reflect.Method.invoke(Method.java:568)
	at org.testng.internal.MethodInvocationHelper.invokeMethod(MethodInvocationHelper.java:124)
	at org.testng.internal.Invoker.invokeMethod(Invoker.java:583)
	at org.testng.internal.Invoker.invokeTestMethod(Invoker.java:719)
	at org.testng.internal.Invoker.invokeTestMethods(Invoker.java:989)
	at org.testng.internal.TestMethodWorker.invokeTestMethods(TestMethodWorker.java:125)
	at org.testng.internal.TestMethodWorker.run(TestMethodWorker.java:109)
	at java.base/java.util.concurrent.ThreadPoolExecutor.runWorker(ThreadPoolExecutor.java:1136)
	at java.base/java.util.concurrent.ThreadPoolExecutor$Worker.run(ThreadPoolExecutor.java:635)
	at java.base/java.lang.Thread.run(Thread.java:842)
Caused by: com.microsoft.playwright.TimeoutError: Error {
  message='Timeout 15000ms exceeded.
=========================== logs ===========================
waiting for selector "//span[@class='rtbText' and text()='Acquisition']" to be visible
  selector resolved to hidden <span class="rtbText">Acquisition</span>
============================================================
  name='TimeoutError
  stack='TimeoutError: Timeout 15000ms exceeded.
=========================== logs ===========================
waiting for selector "//span[@class='rtbText' and text()='Acquisition']" to be visible
  selector resolved to hidden <span class="rtbText">Acquisition</span>
============================================================
    at ProgressController.run (C:\Users\Dell\AppData\Local\Temp\playwright-java-18335691241620246686\package\lib\server\progress.js:96:26)
    at Frame.waitForSelector (C:\Users\Dell\AppData\Local\Temp\playwright-java-18335691241620246686\package\lib\server\frames.js:843:23)
    at FrameDispatcher.waitForSelector (C:\Users\Dell\AppData\Local\Temp\playwright-java-18335691241620246686\package\lib\server\dispatchers\frameDispatcher.js:111:110)
    at DispatcherConnection.dispatch (C:\Users\Dell\AppData\Local\Temp\playwright-java-18335691241620246686\package\lib\server\dispatchers\dispatcher.js:397:46)
}
	at com.microsoft.playwright.impl.WaitableResult.get(WaitableResult.java:52)
	at com.microsoft.playwright.impl.ChannelOwner.runUntil(ChannelOwner.java:109)
	at com.microsoft.playwright.impl.Connection.sendMessage(Connection.java:108)
	at com.microsoft.playwright.impl.ChannelOwner.sendMessage(ChannelOwner.java:100)
	at com.microsoft.playwright.impl.FrameImpl.waitForSelectorImpl(FrameImpl.java:982)
	at com.microsoft.playwright.impl.LocatorImpl.lambda$waitForImpl$6(LocatorImpl.java:500)
	at com.microsoft.playwright.impl.LoggingSupport.withLogging(LoggingSupport.java:47)
	at com.microsoft.playwright.impl.ChannelOwner.withLogging(ChannelOwner.java:85)
	at com.microsoft.playwright.impl.LocatorImpl.waitForImpl(LocatorImpl.java:500)
	at com.microsoft.playwright.impl.LocatorImpl.waitFor(LocatorImpl.java:496)
	at pages.ExpandPanelPage.selectDomain(ExpandPanelPage.java:31)
	at testcases.FullUserJourneyTest.panelExpansion(FullUserJourneyTest.java:90)
	... 13 more
Caused by: com.microsoft.playwright.TimeoutError: Error {
  message='Timeout 15000ms exceeded.
=========================== logs ===========================
waiting for selector "//span[@class='rtbText' and text()='Acquisition']" to be visible
  selector resolved to hidden <span class="rtbText">Acquisition</span>
============================================================
  name='TimeoutError
  stack='TimeoutError: Timeout 15000ms exceeded.
=========================== logs ===========================
waiting for selector "//span[@class='rtbText' and text()='Acquisition']" to be visible
  selector resolved to hidden <span class="rtbText">Acquisition</span>
============================================================
    at ProgressController.run (C:\Users\Dell\AppData\Local\Temp\playwright-java-18335691241620246686\package\lib\server\progress.js:96:26)
    at Frame.waitForSelector (C:\Users\Dell\AppData\Local\Temp\playwright-java-18335691241620246686\package\lib\server\frames.js:843:23)
    at FrameDispatcher.waitForSelector (C:\Users\Dell\AppData\Local\Temp\playwright-java-18335691241620246686\package\lib\server\dispatchers\frameDispatcher.js:111:110)
    at DispatcherConnection.dispatch (C:\Users\Dell\AppData\Local\Temp\playwright-java-18335691241620246686\package\lib\server\dispatchers\dispatcher.js:397:46)
}
	at com.microsoft.playwright.impl.Connection.dispatch(Connection.java:188)
	at com.microsoft.playwright.impl.Connection.processOneMessage(Connection.java:170)
	at com.microsoft.playwright.impl.ChannelOwner.runUntil(ChannelOwner.java:107)
	... 23 more
]]></failure>
    <system-out><![CDATA[2025-07-22 22:53:05 INFO  FullUserJourneyTest:139 - ExtentTest created for method: panelExpansion
 2025-07-22 22:53:05 INFO  FullUserJourneyTest:89 - ExpandPanelPage initialized
 2025-07-22 22:53:25 ERROR FullUserJourneyTest:101 - Test failed: Error {
  message='Timeout 15000ms exceeded.
=========================== logs ===========================
waiting for selector "//span[@class='rtbText' and text()='Acquisition']" to be visible
  selector resolved to hidden <span class="rtbText">Acquisition</span>
============================================================
  name='TimeoutError
  stack='TimeoutError: Timeout 15000ms exceeded.
=========================== logs ===========================
waiting for selector "//span[@class='rtbText' and text()='Acquisition']" to be visible
  selector resolved to hidden <span class="rtbText">Acquisition</span>
============================================================
    at ProgressController.run (C:\Users\Dell\AppData\Local\Temp\playwright-java-18335691241620246686\package\lib\server\progress.js:96:26)
    at Frame.waitForSelector (C:\Users\Dell\AppData\Local\Temp\playwright-java-18335691241620246686\package\lib\server\frames.js:843:23)
    at FrameDispatcher.waitForSelector (C:\Users\Dell\AppData\Local\Temp\playwright-java-18335691241620246686\package\lib\server\dispatchers\frameDispatcher.js:111:110)
    at DispatcherConnection.dispatch (C:\Users\Dell\AppData\Local\Temp\playwright-java-18335691241620246686\package\lib\server\dispatchers\dispatcher.js:397:46)
}
 com.microsoft.playwright.TimeoutError: Error {
  message='Timeout 15000ms exceeded.
=========================== logs ===========================
waiting for selector "//span[@class='rtbText' and text()='Acquisition']" to be visible
  selector resolved to hidden <span class="rtbText">Acquisition</span>
============================================================
  name='TimeoutError
  stack='TimeoutError: Timeout 15000ms exceeded.
=========================== logs ===========================
waiting for selector "//span[@class='rtbText' and text()='Acquisition']" to be visible
  selector resolved to hidden <span class="rtbText">Acquisition</span>
============================================================
    at ProgressController.run (C:\Users\Dell\AppData\Local\Temp\playwright-java-18335691241620246686\package\lib\server\progress.js:96:26)
    at Frame.waitForSelector (C:\Users\Dell\AppData\Local\Temp\playwright-java-18335691241620246686\package\lib\server\frames.js:843:23)
    at FrameDispatcher.waitForSelector (C:\Users\Dell\AppData\Local\Temp\playwright-java-18335691241620246686\package\lib\server\dispatchers\frameDispatcher.js:111:110)
    at DispatcherConnection.dispatch (C:\Users\Dell\AppData\Local\Temp\playwright-java-18335691241620246686\package\lib\server\dispatchers\dispatcher.js:397:46)
}
	at com.microsoft.playwright.impl.WaitableResult.get(WaitableResult.java:52)
	at com.microsoft.playwright.impl.ChannelOwner.runUntil(ChannelOwner.java:109)
	at com.microsoft.playwright.impl.Connection.sendMessage(Connection.java:108)
	at com.microsoft.playwright.impl.ChannelOwner.sendMessage(ChannelOwner.java:100)
	at com.microsoft.playwright.impl.FrameImpl.waitForSelectorImpl(FrameImpl.java:982)
	at com.microsoft.playwright.impl.LocatorImpl.lambda$waitForImpl$6(LocatorImpl.java:500)
	at com.microsoft.playwright.impl.LoggingSupport.withLogging(LoggingSupport.java:47)
	at com.microsoft.playwright.impl.ChannelOwner.withLogging(ChannelOwner.java:85)
	at com.microsoft.playwright.impl.LocatorImpl.waitForImpl(LocatorImpl.java:500)
	at com.microsoft.playwright.impl.LocatorImpl.waitFor(LocatorImpl.java:496)
	at pages.ExpandPanelPage.selectDomain(ExpandPanelPage.java:31)
	at testcases.FullUserJourneyTest.panelExpansion(FullUserJourneyTest.java:90)
	at java.base/jdk.internal.reflect.NativeMethodAccessorImpl.invoke0(Native Method)
	at java.base/jdk.internal.reflect.NativeMethodAccessorImpl.invoke(NativeMethodAccessorImpl.java:77)
	at java.base/jdk.internal.reflect.DelegatingMethodAccessorImpl.invoke(DelegatingMethodAccessorImpl.java:43)
	at java.base/java.lang.reflect.Method.invoke(Method.java:568)
	at org.testng.internal.MethodInvocationHelper.invokeMethod(MethodInvocationHelper.java:124)
	at org.testng.internal.Invoker.invokeMethod(Invoker.java:583)
	at org.testng.internal.Invoker.invokeTestMethod(Invoker.java:719)
	at org.testng.internal.Invoker.invokeTestMethods(Invoker.java:989)
	at org.testng.internal.TestMethodWorker.invokeTestMethods(TestMethodWorker.java:125)
	at org.testng.internal.TestMethodWorker.run(TestMethodWorker.java:109)
	at java.base/java.util.concurrent.ThreadPoolExecutor.runWorker(ThreadPoolExecutor.java:1136)
	at java.base/java.util.concurrent.ThreadPoolExecutor$Worker.run(ThreadPoolExecutor.java:635)
	at java.base/java.lang.Thread.run(Thread.java:842)
Caused by: com.microsoft.playwright.TimeoutError: Error {
  message='Timeout 15000ms exceeded.
=========================== logs ===========================
waiting for selector "//span[@class='rtbText' and text()='Acquisition']" to be visible
  selector resolved to hidden <span class="rtbText">Acquisition</span>
============================================================
  name='TimeoutError
  stack='TimeoutError: Timeout 15000ms exceeded.
=========================== logs ===========================
waiting for selector "//span[@class='rtbText' and text()='Acquisition']" to be visible
  selector resolved to hidden <span class="rtbText">Acquisition</span>
============================================================
    at ProgressController.run (C:\Users\Dell\AppData\Local\Temp\playwright-java-18335691241620246686\package\lib\server\progress.js:96:26)
    at Frame.waitForSelector (C:\Users\Dell\AppData\Local\Temp\playwright-java-18335691241620246686\package\lib\server\frames.js:843:23)
    at FrameDispatcher.waitForSelector (C:\Users\Dell\AppData\Local\Temp\playwright-java-18335691241620246686\package\lib\server\dispatchers\frameDispatcher.js:111:110)
    at DispatcherConnection.dispatch (C:\Users\Dell\AppData\Local\Temp\playwright-java-18335691241620246686\package\lib\server\dispatchers\dispatcher.js:397:46)
}
	at com.microsoft.playwright.impl.Connection.dispatch(Connection.java:188)
	at com.microsoft.playwright.impl.Connection.processOneMessage(Connection.java:170)
	at com.microsoft.playwright.impl.ChannelOwner.runUntil(ChannelOwner.java:107)
	... 23 more
]]></system-out>
  </testcase>
  <testcase name="createNewFileAndCheckRow" classname="testcases.FullUserJourneyTest" time="83.119">
    <system-out><![CDATA[2025-07-22 22:53:26 ERROR ExtentListeners:99 - Exception while taking screenshot on failure
 java.lang.NullPointerException: Cannot invoke "com.microsoft.playwright.Page.screenshot(com.microsoft.playwright.Page$ScreenshotOptions)" because "page" is null
	at utilities.screenshotUtils.ScreenshotUtils.takeScreenshot(ScreenshotUtils.java:10)
	at extentlisteners.ExtentListeners.onTestFailure(ExtentListeners.java:97)
	at org.testng.internal.TestListenerHelper.runTestListeners(TestListenerHelper.java:67)
	at org.testng.internal.Invoker.runTestListeners(Invoker.java:1389)
	at org.testng.internal.Invoker.invokeMethod(Invoker.java:636)
	at org.testng.internal.Invoker.invokeTestMethod(Invoker.java:719)
	at org.testng.internal.Invoker.invokeTestMethods(Invoker.java:989)
	at org.testng.internal.TestMethodWorker.invokeTestMethods(TestMethodWorker.java:125)
	at org.testng.internal.TestMethodWorker.run(TestMethodWorker.java:109)
	at java.base/java.util.concurrent.ThreadPoolExecutor.runWorker(ThreadPoolExecutor.java:1136)
	at java.base/java.util.concurrent.ThreadPoolExecutor$Worker.run(ThreadPoolExecutor.java:635)
	at java.base/java.lang.Thread.run(Thread.java:842)
2025-07-22 22:53:26 INFO  FullUserJourneyTest:139 - ExtentTest created for method: createNewFileAndCheckRow
 2025-07-22 22:54:49 ERROR FullUserJourneyTest:128 - Test failed: Error {
  message='Timeout 60000ms exceeded.
=========================== logs ===========================
waiting for selector "#ctl00_Main_ProjectSnapShotDetails_ddlProjSnapShotSearchNum_listbox li.rcbItem" to be visible
============================================================
  name='TimeoutError
  stack='TimeoutError: Timeout 60000ms exceeded.
=========================== logs ===========================
waiting for selector "#ctl00_Main_ProjectSnapShotDetails_ddlProjSnapShotSearchNum_listbox li.rcbItem" to be visible
============================================================
    at ProgressController.run (C:\Users\Dell\AppData\Local\Temp\playwright-java-18335691241620246686\package\lib\server\progress.js:96:26)
    at Frame.waitForSelector (C:\Users\Dell\AppData\Local\Temp\playwright-java-18335691241620246686\package\lib\server\frames.js:843:23)
    at FrameDispatcher.waitForSelector (C:\Users\Dell\AppData\Local\Temp\playwright-java-18335691241620246686\package\lib\server\dispatchers\frameDispatcher.js:111:110)
    at DispatcherConnection.dispatch (C:\Users\Dell\AppData\Local\Temp\playwright-java-18335691241620246686\package\lib\server\dispatchers\dispatcher.js:397:46)
}
 Test failed: Error {
  message='Timeout 60000ms exceeded.
=========================== logs ===========================
waiting for selector "#ctl00_Main_ProjectSnapShotDetails_ddlProjSnapShotSearchNum_listbox li.rcbItem" to be visible
============================================================
  name='TimeoutError
  stack='TimeoutError: Timeout 60000ms exceeded.
=========================== logs ===========================
waiting for selector "#ctl00_Main_ProjectSnapShotDetails_ddlProjSnapShotSearchNum_listbox li.rcbItem" to be visible
============================================================
    at ProgressController.run (C:\Users\Dell\AppData\Local\Temp\playwright-java-18335691241620246686\package\lib\server\progress.js:96:26)
    at Frame.waitForSelector (C:\Users\Dell\AppData\Local\Temp\playwright-java-18335691241620246686\package\lib\server\frames.js:843:23)
    at FrameDispatcher.waitForSelector (C:\Users\Dell\AppData\Local\Temp\playwright-java-18335691241620246686\package\lib\server\dispatchers\frameDispatcher.js:111:110)
    at DispatcherConnection.dispatch (C:\Users\Dell\AppData\Local\Temp\playwright-java-18335691241620246686\package\lib\server\dispatchers\dispatcher.js:397:46)
}
]]></system-out>
    <system-err><![CDATA[com.microsoft.playwright.TimeoutError: Error {
  message='Timeout 60000ms exceeded.
=========================== logs ===========================
waiting for selector "#ctl00_Main_ProjectSnapShotDetails_ddlProjSnapShotSearchNum_listbox li.rcbItem" to be visible
============================================================
  name='TimeoutError
  stack='TimeoutError: Timeout 60000ms exceeded.
=========================== logs ===========================
waiting for selector "#ctl00_Main_ProjectSnapShotDetails_ddlProjSnapShotSearchNum_listbox li.rcbItem" to be visible
============================================================
    at ProgressController.run (C:\Users\Dell\AppData\Local\Temp\playwright-java-18335691241620246686\package\lib\server\progress.js:96:26)
    at Frame.waitForSelector (C:\Users\Dell\AppData\Local\Temp\playwright-java-18335691241620246686\package\lib\server\frames.js:843:23)
    at FrameDispatcher.waitForSelector (C:\Users\Dell\AppData\Local\Temp\playwright-java-18335691241620246686\package\lib\server\dispatchers\frameDispatcher.js:111:110)
    at DispatcherConnection.dispatch (C:\Users\Dell\AppData\Local\Temp\playwright-java-18335691241620246686\package\lib\server\dispatchers\dispatcher.js:397:46)
}
	at com.microsoft.playwright.impl.WaitableResult.get(WaitableResult.java:52)
	at com.microsoft.playwright.impl.ChannelOwner.runUntil(ChannelOwner.java:109)
	at com.microsoft.playwright.impl.Connection.sendMessage(Connection.java:108)
	at com.microsoft.playwright.impl.ChannelOwner.sendMessage(ChannelOwner.java:100)
	at com.microsoft.playwright.impl.FrameImpl.waitForSelectorImpl(FrameImpl.java:982)
	at com.microsoft.playwright.impl.FrameImpl.waitForSelectorImpl(FrameImpl.java:972)
	at com.microsoft.playwright.impl.PageImpl.lambda$waitForSelector$78(PageImpl.java:1406)
	at com.microsoft.playwright.impl.LoggingSupport.withLogging(LoggingSupport.java:47)
	at com.microsoft.playwright.impl.ChannelOwner.withLogging(ChannelOwner.java:85)
	at com.microsoft.playwright.impl.PageImpl.waitForSelector(PageImpl.java:1405)
	at pages.CreateNewFilePage.selectProject(CreateNewFilePage.java:43)
	at testcases.FullUserJourneyTest.createNewFileAndCheckRow(FullUserJourneyTest.java:117)
	at java.base/jdk.internal.reflect.NativeMethodAccessorImpl.invoke0(Native Method)
	at java.base/jdk.internal.reflect.NativeMethodAccessorImpl.invoke(NativeMethodAccessorImpl.java:77)
	at java.base/jdk.internal.reflect.DelegatingMethodAccessorImpl.invoke(DelegatingMethodAccessorImpl.java:43)
	at java.base/java.lang.reflect.Method.invoke(Method.java:568)
	at org.testng.internal.MethodInvocationHelper.invokeMethod(MethodInvocationHelper.java:124)
	at org.testng.internal.Invoker.invokeMethod(Invoker.java:583)
	at org.testng.internal.Invoker.invokeTestMethod(Invoker.java:719)
	at org.testng.internal.Invoker.invokeTestMethods(Invoker.java:989)
	at org.testng.internal.TestMethodWorker.invokeTestMethods(TestMethodWorker.java:125)
	at org.testng.internal.TestMethodWorker.run(TestMethodWorker.java:109)
	at java.base/java.util.concurrent.ThreadPoolExecutor.runWorker(ThreadPoolExecutor.java:1136)
	at java.base/java.util.concurrent.ThreadPoolExecutor$Worker.run(ThreadPoolExecutor.java:635)
	at java.base/java.lang.Thread.run(Thread.java:842)
Caused by: com.microsoft.playwright.TimeoutError: Error {
  message='Timeout 60000ms exceeded.
=========================== logs ===========================
waiting for selector "#ctl00_Main_ProjectSnapShotDetails_ddlProjSnapShotSearchNum_listbox li.rcbItem" to be visible
============================================================
  name='TimeoutError
  stack='TimeoutError: Timeout 60000ms exceeded.
=========================== logs ===========================
waiting for selector "#ctl00_Main_ProjectSnapShotDetails_ddlProjSnapShotSearchNum_listbox li.rcbItem" to be visible
============================================================
    at ProgressController.run (C:\Users\Dell\AppData\Local\Temp\playwright-java-18335691241620246686\package\lib\server\progress.js:96:26)
    at Frame.waitForSelector (C:\Users\Dell\AppData\Local\Temp\playwright-java-18335691241620246686\package\lib\server\frames.js:843:23)
    at FrameDispatcher.waitForSelector (C:\Users\Dell\AppData\Local\Temp\playwright-java-18335691241620246686\package\lib\server\dispatchers\frameDispatcher.js:111:110)
    at DispatcherConnection.dispatch (C:\Users\Dell\AppData\Local\Temp\playwright-java-18335691241620246686\package\lib\server\dispatchers\dispatcher.js:397:46)
}
	at com.microsoft.playwright.impl.Connection.dispatch(Connection.java:188)
	at com.microsoft.playwright.impl.Connection.processOneMessage(Connection.java:170)
	at com.microsoft.playwright.impl.ChannelOwner.runUntil(ChannelOwner.java:107)
	... 23 more
]]></system-err>
  </testcase>
  <testcase name="clickTopMenuItems" classname="testcases.FullUserJourneyTest" time="113.814">
    <system-out><![CDATA[2025-07-22 22:54:49 INFO  FullUserJourneyTest:139 - ExtentTest created for method: clickTopMenuItems
 2025-07-22 22:55:05 INFO  FullUserJourneyTest:178 - Clicked 'Search' menu item
 2025-07-22 22:55:23 INFO  FullUserJourneyTest:183 - Clicked 'My Work Queue' menu item
 2025-07-22 22:55:44 INFO  FullUserJourneyTest:188 - Clicked 'My Profile' menu item
 2025-07-22 22:55:49 INFO  FullUserJourneyTest:195 - Clicked 'PM Inquiry' menu item and new window opened
 2025-07-22 22:56:02 INFO  FullUserJourneyTest:201 - Clicked 'Notifications' menu item
 2025-07-22 22:56:08 INFO  FullUserJourneyTest:208 - Clicked 'Doc Mgmt' menu item and new window opened
 2025-07-22 22:56:16 INFO  FullUserJourneyTest:217 - Clicked 'GIS' menu item and new window opened
 2025-07-22 22:56:41 INFO  FullUserJourneyTest:224 - Clicked 'Dashboard' menu item
 2025-07-22 22:56:43 INFO  FullUserJourneyTest:227 - Successfully clicked all top menu items.
 ]]></system-out>
  </testcase>
  <testcase name="expandAndCollapseAllPanelsInAllTabs" classname="testcases.FullUserJourneyTest" time="133.504">
    <system-out><![CDATA[2025-07-22 22:56:43 INFO  FullUserJourneyTest:139 - ExtentTest created for method: expandAndCollapseAllPanelsInAllTabs
 2025-07-22 22:56:43 INFO  FullUserJourneyTest:291 - Page object created
 2025-07-22 22:56:43 INFO  ExpandAllPanelsInAllTabsPage:43 - Clicked 'Domain:' dropdown
 2025-07-22 22:56:45 INFO  ExpandAllPanelsInAllTabsPage:50 - Selected 'Acquisition' from domain dropdown
 2025-07-22 22:56:45 INFO  FullUserJourneyTest:294 - Domain selected
 2025-07-22 22:56:48 INFO  ExpandAllPanelsInAllTabsPage:57 - Clicked project dropdown
 2025-07-22 22:56:51 INFO  ExpandAllPanelsInAllTabsPage:74 - Selected project: 59650/Barrel Spring   
 2025-07-22 22:56:56 INFO  FullUserJourneyTest:297 - Project selected
 2025-07-22 22:56:56 INFO  ExpandAllPanelsInAllTabsPage:82 - Clicked 'Go to Project Details' button
 2025-07-22 22:57:01 INFO  FullUserJourneyTest:300 - Navigated to project details
 2025-07-22 22:57:01 INFO  ExpandAllPanelsInAllTabsPage:92 - Clicked tab: Project Information
 2025-07-22 22:57:04 INFO  ExpandAllPanelsInAllTabsPage:97 - Expand button count in tab Project Information: 0
 2025-07-22 22:57:08 INFO  ExpandAllPanelsInAllTabsPage:92 - Clicked tab: Assignments
 2025-07-22 22:57:11 INFO  ExpandAllPanelsInAllTabsPage:97 - Expand button count in tab Assignments: 0
 2025-07-22 22:57:14 INFO  ExpandAllPanelsInAllTabsPage:118 - Collapsed panel 1 in tab: Assignments
 2025-07-22 22:57:21 INFO  ExpandAllPanelsInAllTabsPage:92 - Clicked tab: Liaison Files
 2025-07-22 22:57:24 INFO  ExpandAllPanelsInAllTabsPage:97 - Expand button count in tab Liaison Files: 0
 2025-07-22 22:57:26 INFO  ExpandAllPanelsInAllTabsPage:118 - Collapsed panel 1 in tab: Liaison Files
 2025-07-22 22:57:29 INFO  ExpandAllPanelsInAllTabsPage:92 - Clicked tab: Estimates
 2025-07-22 22:57:32 INFO  ExpandAllPanelsInAllTabsPage:97 - Expand button count in tab Estimates: 1
 2025-07-22 22:57:32 INFO  ExpandAllPanelsInAllTabsPage:103 - Expanded panel 1 in tab: Estimates
 2025-07-22 22:57:39 INFO  ExpandAllPanelsInAllTabsPage:118 - Collapsed panel 1 in tab: Estimates
 2025-07-22 22:57:43 INFO  ExpandAllPanelsInAllTabsPage:92 - Clicked tab: Contracting
 2025-07-22 22:57:46 INFO  ExpandAllPanelsInAllTabsPage:97 - Expand button count in tab Contracting: 0
 2025-07-22 22:57:50 INFO  ExpandAllPanelsInAllTabsPage:92 - Clicked tab: Authorization Management
 2025-07-22 22:57:53 INFO  ExpandAllPanelsInAllTabsPage:97 - Expand button count in tab Authorization Management: 0
 2025-07-22 22:57:55 INFO  ExpandAllPanelsInAllTabsPage:118 - Collapsed panel 1 in tab: Authorization Management
 2025-07-22 22:57:58 INFO  ExpandAllPanelsInAllTabsPage:92 - Clicked tab: Issue Management
 2025-07-22 22:58:01 INFO  ExpandAllPanelsInAllTabsPage:97 - Expand button count in tab Issue Management: 1
 2025-07-22 22:58:02 INFO  ExpandAllPanelsInAllTabsPage:103 - Expanded panel 1 in tab: Issue Management
 2025-07-22 22:58:09 INFO  ExpandAllPanelsInAllTabsPage:118 - Collapsed panel 1 in tab: Issue Management
 2025-07-22 22:58:12 INFO  ExpandAllPanelsInAllTabsPage:92 - Clicked tab: Financials
 2025-07-22 22:58:15 INFO  ExpandAllPanelsInAllTabsPage:97 - Expand button count in tab Financials: 1
 2025-07-22 22:58:15 INFO  ExpandAllPanelsInAllTabsPage:103 - Expanded panel 1 in tab: Financials
 2025-07-22 22:58:22 INFO  ExpandAllPanelsInAllTabsPage:118 - Collapsed panel 1 in tab: Financials
 2025-07-22 22:58:25 INFO  ExpandAllPanelsInAllTabsPage:92 - Clicked tab: Checklist
 2025-07-22 22:58:28 INFO  ExpandAllPanelsInAllTabsPage:97 - Expand button count in tab Checklist: 1
 2025-07-22 22:58:29 INFO  ExpandAllPanelsInAllTabsPage:103 - Expanded panel 1 in tab: Checklist
 2025-07-22 22:58:36 INFO  ExpandAllPanelsInAllTabsPage:118 - Collapsed panel 1 in tab: Checklist
 2025-07-22 22:58:39 INFO  ExpandAllPanelsInAllTabsPage:92 - Clicked tab: Utility Coordination
 2025-07-22 22:58:42 INFO  ExpandAllPanelsInAllTabsPage:97 - Expand button count in tab Utility Coordination: 0
 2025-07-22 22:58:44 INFO  ExpandAllPanelsInAllTabsPage:118 - Collapsed panel 1 in tab: Utility Coordination
 2025-07-22 22:58:49 INFO  ExpandAllPanelsInAllTabsPage:92 - Clicked tab: Railroad Coordination
 2025-07-22 22:58:52 INFO  ExpandAllPanelsInAllTabsPage:97 - Expand button count in tab Railroad Coordination: 0
 2025-07-22 22:58:56 INFO  ExpandAllPanelsInAllTabsPage:128 - Successfully expanded and collapsed all panels in all tabs.
 2025-07-22 22:58:56 INFO  FullUserJourneyTest:303 - Successfully expanded and collapsed all panels in all tabs.
 ]]></system-out>
  </testcase>
  <testcase name="adminMenuNavigation" classname="testcases.FullUserJourneyTest" time="296.421">
    <system-out><![CDATA[2025-07-22 22:58:56 INFO  FullUserJourneyTest:139 - ExtentTest created for method: adminMenuNavigation
 2025-07-22 22:59:01 INFO  FullUserJourneyTest:67 - Handled admin item: //a[@title='Application Logs']//span[@class='rmText' and text()='Application Logs']
 2025-07-22 22:59:10 INFO  FullUserJourneyTest:67 - Handled admin item: //a[@title='Application Roles and Work Group']//span[@class='rmText' and text()='Application Roles and Work Groups']
 2025-07-22 22:59:25 INFO  FullUserJourneyTest:67 - Handled admin item: //a[@title='User Management']//span[@class='rmText' and text()='User Management']
 2025-07-22 22:59:33 INFO  FullUserJourneyTest:67 - Handled admin item: //a[@title='Work Group Office Information']//span[@class='rmText' and text()='Work Group Office Information']
 2025-07-22 22:59:43 INFO  FullUserJourneyTest:67 - Handled admin item: //a[@title='Contracting Company Details']//span[@class='rmText' and text()='Contracting Company Details']
 2025-07-22 22:59:50 INFO  FullUserJourneyTest:67 - Handled admin item: //a[@title='Contracting Price Agreements']//span[@class='rmText' and text()='Contracting Price Agreements']
 2025-07-22 23:00:01 INFO  FullUserJourneyTest:67 - Handled admin item: //a[@title='Dropdowns']//span[@class='rmText' and text()='Dropdowns']
 2025-07-22 23:00:19 INFO  FullUserJourneyTest:67 - Handled admin item: //a[@title='Configure Distribution Lists']//span[@class='rmText' and text()='Configure Distribution Lists']
 2025-07-22 23:00:36 INFO  FullUserJourneyTest:67 - Handled admin item: //a[@title='Estimation Cost Factors']//span[@class='rmText' and text()='Estimation Cost Factors']
 2025-07-22 23:00:44 INFO  FullUserJourneyTest:67 - Handled admin item: //a[@title='Expected Work Duration']//span[@class='rmText' and text()='Expected Work Duration']
 2025-07-22 23:00:56 INFO  FullUserJourneyTest:67 - Handled admin item: //a[@title='Delete Projects and Files']//span[@class='rmText' and text()='Delete Project/File']
 2025-07-22 23:01:03 INFO  FullUserJourneyTest:67 - Handled admin item: //a[@title='Move File Panel']//span[@class='rmText' and text()='Move File Panel']
 2025-07-22 23:01:13 INFO  FullUserJourneyTest:67 - Handled admin item: //a[@title='Cannned Report']//span[@class='rmText' and text()='Canned Report']
 2025-07-22 23:01:21 INFO  FullUserJourneyTest:67 - Handled admin item: //a[@title='Bulk Upload Documents']//span[@class='rmText' and text()='Bulk Upload Documents']
 2025-07-22 23:01:33 INFO  FullUserJourneyTest:67 - Handled admin item: //a[@title='Bulk Generate Documents']//span[@class='rmText' and text()='Bulk Generate Documents']
 2025-07-22 23:01:47 INFO  FullUserJourneyTest:67 - Handled admin item: //a[@title='Document Metadata Attributes']//span[@class='rmText' and text()='Document Metadata Attributes']
 2025-07-22 23:01:54 INFO  FullUserJourneyTest:67 - Handled admin item: //a[@title='Document Packages']//span[@class='rmText' and text()='Document Packages']
 2025-07-22 23:02:02 INFO  FullUserJourneyTest:67 - Handled admin item: //a[@title='Document Type Configuration']//span[@class='rmText' and text()='Document Type Configuration']
 2025-07-22 23:02:10 INFO  FullUserJourneyTest:67 - Handled admin item: //a[@title='Template and Clause Maintenance']//span[@class='rmText' and text()='Template and Clause Maintenance']
 2025-07-22 23:02:17 INFO  FullUserJourneyTest:67 - Handled admin item: //a[@title='Civil Certification / Board Approval']//span[@class='rmText' and text()='Civil Certification / Board Approval']
 2025-07-22 23:02:27 INFO  FullUserJourneyTest:67 - Handled admin item: //a[@title='Production Plans']//span[@class='rmText' and text()='Production Plans']
 2025-07-22 23:02:42 INFO  FullUserJourneyTest:67 - Handled admin item: //a[@title='QA Data']//span[@class='rmText' and text()='QA Data']
 2025-07-22 23:02:52 INFO  FullUserJourneyTest:67 - Handled admin item: //a[@title='Help Content']//span[@class='rmText' and text()='Help Content']
 2025-07-22 23:03:02 INFO  FullUserJourneyTest:67 - Handled admin item: //a[@title='FlairBOT Library']//span[@class='rmText' and text()='FlairBOT Library']
 2025-07-22 23:03:11 INFO  FullUserJourneyTest:67 - Handled admin item: //a[@title='Workflow Activity']//span[@class='rmText' and text()='Workflow Activity']
 2025-07-22 23:03:21 INFO  FullUserJourneyTest:67 - Handled admin item: //a[@title='Notifications Configuration']//span[@class='rmText' and text()='Notifications Configuration']
 2025-07-22 23:03:30 INFO  FullUserJourneyTest:67 - Handled admin item: //a[@title='Workflow Designer']//span[@class='rmText' and text()='Workflow Designer']
 2025-07-22 23:03:40 INFO  FullUserJourneyTest:67 - Handled admin item: //a[@title='Environment Copy']//span[@class='rmText' and text()='Environment Copy']
 2025-07-22 23:03:46 INFO  FullUserJourneyTest:67 - Handled admin item: //a[@title='Application Configuration']//span[@class='rmText' and text()='Application Configuration']
 2025-07-22 23:03:53 INFO  FullUserJourneyTest:67 - Handled admin item: //a[@title='Checklist Configuration']//span[@class='rmText' and text()='Checklist Configuration']
 ]]></system-out>
  </testcase>
  <testcase name="switchToDomain2AndSelectFirstFile" classname="testcases.FullUserJourneyTest" time="120.477">
    <system-out><![CDATA[2025-07-22 23:03:53 INFO  FullUserJourneyTest:139 - ExtentTest created for method: switchToDomain2AndSelectFirstFile
 2025-07-22 23:03:53 INFO  FileSelectionPage:34 - Clicked 'Domain:' dropdown for domain2: Property Management
 2025-07-22 23:03:57 INFO  FileSelectionPage:41 - Selected 'Property Management' from domain dropdown (domain2)
 2025-07-22 23:04:01 INFO  FileSelectionPage:65 - Selected project2: 76019/US 175 Widening - Surplus
 2025-07-22 23:04:06 INFO  FileSelectionPage:73 - Clicked the first file in the file table.
 2025-07-22 23:04:12 INFO  FileSelectionPage:103 - Clicked tab: File Information
 2025-07-22 23:04:16 INFO  FileSelectionPage:103 - Clicked tab: Assignments
 2025-07-22 23:04:19 INFO  FileSelectionPage:103 - Clicked tab: Lease/Rental/Permit
 2025-07-22 23:04:26 INFO  FileSelectionPage:103 - Clicked tab: Legal Description
 2025-07-22 23:04:44 INFO  FileSelectionPage:103 - Clicked tab: Appraisal
 2025-07-22 23:04:53 INFO  FileSelectionPage:103 - Clicked tab: Surplus
 2025-07-22 23:04:58 INFO  FileSelectionPage:103 - Clicked tab: Marketing
 2025-07-22 23:05:01 INFO  FileSelectionPage:103 - Clicked tab: Sale/Closing
 2025-07-22 23:05:07 INFO  FileSelectionPage:103 - Clicked tab: Property Diary
 2025-07-22 23:05:10 INFO  FileSelectionPage:103 - Clicked tab: Financials
 2025-07-22 23:05:15 INFO  FileSelectionPage:103 - Clicked tab: Checklist
 2025-07-22 23:05:18 INFO  FileSelectionPage:115 - Clicked 'Go to Project Details' button
 2025-07-22 23:05:53 ERROR FileSelectionPage:106 - Failed to click tab 'Project Information': Error {
  message='Timeout 30000ms exceeded.
=========================== logs ===========================
waiting for selector "//a[.//span[@class='rtsTxt' and normalize-space(text())='Project Information']]" to be visible
============================================================
  name='TimeoutError
  stack='TimeoutError: Timeout 30000ms exceeded.
=========================== logs ===========================
waiting for selector "//a[.//span[@class='rtsTxt' and normalize-space(text())='Project Information']]" to be visible
============================================================
    at ProgressController.run (C:\Users\Dell\AppData\Local\Temp\playwright-java-18335691241620246686\package\lib\server\progress.js:96:26)
    at Frame.waitForSelector (C:\Users\Dell\AppData\Local\Temp\playwright-java-18335691241620246686\package\lib\server\frames.js:843:23)
    at FrameDispatcher.waitForSelector (C:\Users\Dell\AppData\Local\Temp\playwright-java-18335691241620246686\package\lib\server\dispatchers\frameDispatcher.js:111:110)
    at DispatcherConnection.dispatch (C:\Users\Dell\AppData\Local\Temp\playwright-java-18335691241620246686\package\lib\server\dispatchers\dispatcher.js:397:46)
}
 2025-07-22 23:05:53 ERROR FullUserJourneyTest:354 - Failed to switch domain2/project2 and select file: Error {
  message='Timeout 30000ms exceeded.
=========================== logs ===========================
waiting for selector "//a[.//span[@class='rtsTxt' and normalize-space(text())='Project Information']]" to be visible
============================================================
  name='TimeoutError
  stack='TimeoutError: Timeout 30000ms exceeded.
=========================== logs ===========================
waiting for selector "//a[.//span[@class='rtsTxt' and normalize-space(text())='Project Information']]" to be visible
============================================================
    at ProgressController.run (C:\Users\Dell\AppData\Local\Temp\playwright-java-18335691241620246686\package\lib\server\progress.js:96:26)
    at Frame.waitForSelector (C:\Users\Dell\AppData\Local\Temp\playwright-java-18335691241620246686\package\lib\server\frames.js:843:23)
    at FrameDispatcher.waitForSelector (C:\Users\Dell\AppData\Local\Temp\playwright-java-18335691241620246686\package\lib\server\dispatchers\frameDispatcher.js:111:110)
    at DispatcherConnection.dispatch (C:\Users\Dell\AppData\Local\Temp\playwright-java-18335691241620246686\package\lib\server\dispatchers\dispatcher.js:397:46)
}
 ]]></system-out>
    <system-err><![CDATA[com.microsoft.playwright.TimeoutError: Error {
  message='Timeout 30000ms exceeded.
=========================== logs ===========================
waiting for selector "//a[.//span[@class='rtsTxt' and normalize-space(text())='Project Information']]" to be visible
============================================================
  name='TimeoutError
  stack='TimeoutError: Timeout 30000ms exceeded.
=========================== logs ===========================
waiting for selector "//a[.//span[@class='rtsTxt' and normalize-space(text())='Project Information']]" to be visible
============================================================
    at ProgressController.run (C:\Users\Dell\AppData\Local\Temp\playwright-java-18335691241620246686\package\lib\server\progress.js:96:26)
    at Frame.waitForSelector (C:\Users\Dell\AppData\Local\Temp\playwright-java-18335691241620246686\package\lib\server\frames.js:843:23)
    at FrameDispatcher.waitForSelector (C:\Users\Dell\AppData\Local\Temp\playwright-java-18335691241620246686\package\lib\server\dispatchers\frameDispatcher.js:111:110)
    at DispatcherConnection.dispatch (C:\Users\Dell\AppData\Local\Temp\playwright-java-18335691241620246686\package\lib\server\dispatchers\dispatcher.js:397:46)
}
	at com.microsoft.playwright.impl.WaitableResult.get(WaitableResult.java:52)
	at com.microsoft.playwright.impl.ChannelOwner.runUntil(ChannelOwner.java:109)
	at com.microsoft.playwright.impl.Connection.sendMessage(Connection.java:108)
	at com.microsoft.playwright.impl.ChannelOwner.sendMessage(ChannelOwner.java:100)
	at com.microsoft.playwright.impl.FrameImpl.waitForSelectorImpl(FrameImpl.java:982)
	at com.microsoft.playwright.impl.LocatorImpl.lambda$waitForImpl$6(LocatorImpl.java:500)
	at com.microsoft.playwright.impl.LoggingSupport.withLogging(LoggingSupport.java:47)
	at com.microsoft.playwright.impl.ChannelOwner.withLogging(ChannelOwner.java:85)
	at com.microsoft.playwright.impl.LocatorImpl.waitForImpl(LocatorImpl.java:500)
	at com.microsoft.playwright.impl.LocatorImpl.waitFor(LocatorImpl.java:496)
	at pages.FileSelectionPage.clickTabByName(FileSelectionPage.java:100)
	at testcases.FullUserJourneyTest.switchToDomain2AndSelectFirstFile(FullUserJourneyTest.java:347)
	at java.base/jdk.internal.reflect.NativeMethodAccessorImpl.invoke0(Native Method)
	at java.base/jdk.internal.reflect.NativeMethodAccessorImpl.invoke(NativeMethodAccessorImpl.java:77)
	at java.base/jdk.internal.reflect.DelegatingMethodAccessorImpl.invoke(DelegatingMethodAccessorImpl.java:43)
	at java.base/java.lang.reflect.Method.invoke(Method.java:568)
	at org.testng.internal.MethodInvocationHelper.invokeMethod(MethodInvocationHelper.java:124)
	at org.testng.internal.Invoker.invokeMethod(Invoker.java:583)
	at org.testng.internal.Invoker.invokeTestMethod(Invoker.java:719)
	at org.testng.internal.Invoker.invokeTestMethods(Invoker.java:989)
	at org.testng.internal.TestMethodWorker.invokeTestMethods(TestMethodWorker.java:125)
	at org.testng.internal.TestMethodWorker.run(TestMethodWorker.java:109)
	at java.base/java.util.concurrent.ThreadPoolExecutor.runWorker(ThreadPoolExecutor.java:1136)
	at java.base/java.util.concurrent.ThreadPoolExecutor$Worker.run(ThreadPoolExecutor.java:635)
	at java.base/java.lang.Thread.run(Thread.java:842)
Caused by: com.microsoft.playwright.TimeoutError: Error {
  message='Timeout 30000ms exceeded.
=========================== logs ===========================
waiting for selector "//a[.//span[@class='rtsTxt' and normalize-space(text())='Project Information']]" to be visible
============================================================
  name='TimeoutError
  stack='TimeoutError: Timeout 30000ms exceeded.
=========================== logs ===========================
waiting for selector "//a[.//span[@class='rtsTxt' and normalize-space(text())='Project Information']]" to be visible
============================================================
    at ProgressController.run (C:\Users\Dell\AppData\Local\Temp\playwright-java-18335691241620246686\package\lib\server\progress.js:96:26)
    at Frame.waitForSelector (C:\Users\Dell\AppData\Local\Temp\playwright-java-18335691241620246686\package\lib\server\frames.js:843:23)
    at FrameDispatcher.waitForSelector (C:\Users\Dell\AppData\Local\Temp\playwright-java-18335691241620246686\package\lib\server\dispatchers\frameDispatcher.js:111:110)
    at DispatcherConnection.dispatch (C:\Users\Dell\AppData\Local\Temp\playwright-java-18335691241620246686\package\lib\server\dispatchers\dispatcher.js:397:46)
}
	at com.microsoft.playwright.impl.Connection.dispatch(Connection.java:188)
	at com.microsoft.playwright.impl.Connection.processOneMessage(Connection.java:170)
	at com.microsoft.playwright.impl.ChannelOwner.runUntil(ChannelOwner.java:107)
	... 23 more
]]></system-err>
  </testcase>
  <testcase name="expandAndCollapsePanelsInAllTabsAfterFileSelection" classname="testcases.FullUserJourneyTest" time="65.282">
    <system-out><![CDATA[2025-07-22 23:05:53 INFO  FullUserJourneyTest:139 - ExtentTest created for method: expandAndCollapsePanelsInAllTabsAfterFileSelection
 2025-07-22 23:05:53 INFO  PanelExpandCollapsePage:32 - Clicked 'Domain:' dropdown for domain2
 2025-07-22 23:05:57 INFO  PanelExpandCollapsePage:39 - Selected 'Property Management' from domain dropdown (domain2)
 2025-07-22 23:06:58 ERROR PanelExpandCollapsePage:67 - Failed to select project2: Error {
  message='Timeout 60000ms exceeded.
=========================== logs ===========================
waiting for selector "#ctl00_Main_ProjectSnapShotDetails_ddlProjSnapShotSearchNum_listbox li.rcbItem" to be visible
============================================================
  name='TimeoutError
  stack='TimeoutError: Timeout 60000ms exceeded.
=========================== logs ===========================
waiting for selector "#ctl00_Main_ProjectSnapShotDetails_ddlProjSnapShotSearchNum_listbox li.rcbItem" to be visible
============================================================
    at ProgressController.run (C:\Users\Dell\AppData\Local\Temp\playwright-java-18335691241620246686\package\lib\server\progress.js:96:26)
    at Frame.waitForSelector (C:\Users\Dell\AppData\Local\Temp\playwright-java-18335691241620246686\package\lib\server\frames.js:843:23)
    at FrameDispatcher.waitForSelector (C:\Users\Dell\AppData\Local\Temp\playwright-java-18335691241620246686\package\lib\server\dispatchers\frameDispatcher.js:111:110)
    at DispatcherConnection.dispatch (C:\Users\Dell\AppData\Local\Temp\playwright-java-18335691241620246686\package\lib\server\dispatchers\dispatcher.js:397:46)
}
 2025-07-22 23:06:58 ERROR FullUserJourneyTest:441 - Failed to expand/collapse panels in all tabs: Error {
  message='Timeout 60000ms exceeded.
=========================== logs ===========================
waiting for selector "#ctl00_Main_ProjectSnapShotDetails_ddlProjSnapShotSearchNum_listbox li.rcbItem" to be visible
============================================================
  name='TimeoutError
  stack='TimeoutError: Timeout 60000ms exceeded.
=========================== logs ===========================
waiting for selector "#ctl00_Main_ProjectSnapShotDetails_ddlProjSnapShotSearchNum_listbox li.rcbItem" to be visible
============================================================
    at ProgressController.run (C:\Users\Dell\AppData\Local\Temp\playwright-java-18335691241620246686\package\lib\server\progress.js:96:26)
    at Frame.waitForSelector (C:\Users\Dell\AppData\Local\Temp\playwright-java-18335691241620246686\package\lib\server\frames.js:843:23)
    at FrameDispatcher.waitForSelector (C:\Users\Dell\AppData\Local\Temp\playwright-java-18335691241620246686\package\lib\server\dispatchers\frameDispatcher.js:111:110)
    at DispatcherConnection.dispatch (C:\Users\Dell\AppData\Local\Temp\playwright-java-18335691241620246686\package\lib\server\dispatchers\dispatcher.js:397:46)
}
 ]]></system-out>
    <system-err><![CDATA[com.microsoft.playwright.TimeoutError: Error {
  message='Timeout 60000ms exceeded.
=========================== logs ===========================
waiting for selector "#ctl00_Main_ProjectSnapShotDetails_ddlProjSnapShotSearchNum_listbox li.rcbItem" to be visible
============================================================
  name='TimeoutError
  stack='TimeoutError: Timeout 60000ms exceeded.
=========================== logs ===========================
waiting for selector "#ctl00_Main_ProjectSnapShotDetails_ddlProjSnapShotSearchNum_listbox li.rcbItem" to be visible
============================================================
    at ProgressController.run (C:\Users\Dell\AppData\Local\Temp\playwright-java-18335691241620246686\package\lib\server\progress.js:96:26)
    at Frame.waitForSelector (C:\Users\Dell\AppData\Local\Temp\playwright-java-18335691241620246686\package\lib\server\frames.js:843:23)
    at FrameDispatcher.waitForSelector (C:\Users\Dell\AppData\Local\Temp\playwright-java-18335691241620246686\package\lib\server\dispatchers\frameDispatcher.js:111:110)
    at DispatcherConnection.dispatch (C:\Users\Dell\AppData\Local\Temp\playwright-java-18335691241620246686\package\lib\server\dispatchers\dispatcher.js:397:46)
}
	at com.microsoft.playwright.impl.WaitableResult.get(WaitableResult.java:52)
	at com.microsoft.playwright.impl.ChannelOwner.runUntil(ChannelOwner.java:109)
	at com.microsoft.playwright.impl.Connection.sendMessage(Connection.java:108)
	at com.microsoft.playwright.impl.ChannelOwner.sendMessage(ChannelOwner.java:100)
	at com.microsoft.playwright.impl.FrameImpl.waitForSelectorImpl(FrameImpl.java:982)
	at com.microsoft.playwright.impl.FrameImpl.waitForSelectorImpl(FrameImpl.java:972)
	at com.microsoft.playwright.impl.PageImpl.lambda$waitForSelector$78(PageImpl.java:1406)
	at com.microsoft.playwright.impl.LoggingSupport.withLogging(LoggingSupport.java:47)
	at com.microsoft.playwright.impl.ChannelOwner.withLogging(ChannelOwner.java:85)
	at com.microsoft.playwright.impl.PageImpl.waitForSelector(PageImpl.java:1405)
	at pages.PanelExpandCollapsePage.selectProject2(PanelExpandCollapsePage.java:50)
	at testcases.FullUserJourneyTest.expandAndCollapsePanelsInAllTabsAfterFileSelection(FullUserJourneyTest.java:367)
	at java.base/jdk.internal.reflect.NativeMethodAccessorImpl.invoke0(Native Method)
	at java.base/jdk.internal.reflect.NativeMethodAccessorImpl.invoke(NativeMethodAccessorImpl.java:77)
	at java.base/jdk.internal.reflect.DelegatingMethodAccessorImpl.invoke(DelegatingMethodAccessorImpl.java:43)
	at java.base/java.lang.reflect.Method.invoke(Method.java:568)
	at org.testng.internal.MethodInvocationHelper.invokeMethod(MethodInvocationHelper.java:124)
	at org.testng.internal.Invoker.invokeMethod(Invoker.java:583)
	at org.testng.internal.Invoker.invokeTestMethod(Invoker.java:719)
	at org.testng.internal.Invoker.invokeTestMethods(Invoker.java:989)
	at org.testng.internal.TestMethodWorker.invokeTestMethods(TestMethodWorker.java:125)
	at org.testng.internal.TestMethodWorker.run(TestMethodWorker.java:109)
	at java.base/java.util.concurrent.ThreadPoolExecutor.runWorker(ThreadPoolExecutor.java:1136)
	at java.base/java.util.concurrent.ThreadPoolExecutor$Worker.run(ThreadPoolExecutor.java:635)
	at java.base/java.lang.Thread.run(Thread.java:842)
Caused by: com.microsoft.playwright.TimeoutError: Error {
  message='Timeout 60000ms exceeded.
=========================== logs ===========================
waiting for selector "#ctl00_Main_ProjectSnapShotDetails_ddlProjSnapShotSearchNum_listbox li.rcbItem" to be visible
============================================================
  name='TimeoutError
  stack='TimeoutError: Timeout 60000ms exceeded.
=========================== logs ===========================
waiting for selector "#ctl00_Main_ProjectSnapShotDetails_ddlProjSnapShotSearchNum_listbox li.rcbItem" to be visible
============================================================
    at ProgressController.run (C:\Users\Dell\AppData\Local\Temp\playwright-java-18335691241620246686\package\lib\server\progress.js:96:26)
    at Frame.waitForSelector (C:\Users\Dell\AppData\Local\Temp\playwright-java-18335691241620246686\package\lib\server\frames.js:843:23)
    at FrameDispatcher.waitForSelector (C:\Users\Dell\AppData\Local\Temp\playwright-java-18335691241620246686\package\lib\server\dispatchers\frameDispatcher.js:111:110)
    at DispatcherConnection.dispatch (C:\Users\Dell\AppData\Local\Temp\playwright-java-18335691241620246686\package\lib\server\dispatchers\dispatcher.js:397:46)
}
	at com.microsoft.playwright.impl.Connection.dispatch(Connection.java:188)
	at com.microsoft.playwright.impl.Connection.processOneMessage(Connection.java:170)
	at com.microsoft.playwright.impl.ChannelOwner.runUntil(ChannelOwner.java:107)
	... 23 more
]]></system-err>
  </testcase>
  <testcase name="openAndCloseCreateNewFilePopup" classname="testcases.FullUserJourneyTest" time="17.402">
    <system-out><![CDATA[2025-07-22 23:06:58 INFO  FullUserJourneyTest:139 - ExtentTest created for method: openAndCloseCreateNewFilePopup
 2025-07-22 23:07:13 INFO  FullUserJourneyTest:459 - Create New File popup appeared
 2025-07-22 23:07:16 INFO  FullUserJourneyTest:466 - Successfully opened and closed the Create New File popup.
 ]]></system-out>
  </testcase>
  <testcase name="openAndCloseCreateNewProjectPopup" classname="testcases.FullUserJourneyTest" time="16.675">
    <system-out><![CDATA[2025-07-22 23:07:16 INFO  FullUserJourneyTest:139 - ExtentTest created for method: openAndCloseCreateNewProjectPopup
 2025-07-22 23:07:32 ERROR FullUserJourneyTest:495 - Failed to open/close Create New Project popup: Error {
  message='Timeout 10000ms exceeded.
=========================== logs ===========================
waiting for selector "iframe[name='CreateProjectWindow']" to be visible
============================================================
  name='TimeoutError
  stack='TimeoutError: Timeout 10000ms exceeded.
=========================== logs ===========================
waiting for selector "iframe[name='CreateProjectWindow']" to be visible
============================================================
    at ProgressController.run (C:\Users\Dell\AppData\Local\Temp\playwright-java-18335691241620246686\package\lib\server\progress.js:96:26)
    at Frame.waitForSelector (C:\Users\Dell\AppData\Local\Temp\playwright-java-18335691241620246686\package\lib\server\frames.js:843:23)
    at FrameDispatcher.waitForSelector (C:\Users\Dell\AppData\Local\Temp\playwright-java-18335691241620246686\package\lib\server\dispatchers\frameDispatcher.js:111:110)
    at DispatcherConnection.dispatch (C:\Users\Dell\AppData\Local\Temp\playwright-java-18335691241620246686\package\lib\server\dispatchers\dispatcher.js:397:46)
}
 ]]></system-out>
    <system-err><![CDATA[com.microsoft.playwright.TimeoutError: Error {
  message='Timeout 10000ms exceeded.
=========================== logs ===========================
waiting for selector "iframe[name='CreateProjectWindow']" to be visible
============================================================
  name='TimeoutError
  stack='TimeoutError: Timeout 10000ms exceeded.
=========================== logs ===========================
waiting for selector "iframe[name='CreateProjectWindow']" to be visible
============================================================
    at ProgressController.run (C:\Users\Dell\AppData\Local\Temp\playwright-java-18335691241620246686\package\lib\server\progress.js:96:26)
    at Frame.waitForSelector (C:\Users\Dell\AppData\Local\Temp\playwright-java-18335691241620246686\package\lib\server\frames.js:843:23)
    at FrameDispatcher.waitForSelector (C:\Users\Dell\AppData\Local\Temp\playwright-java-18335691241620246686\package\lib\server\dispatchers\frameDispatcher.js:111:110)
    at DispatcherConnection.dispatch (C:\Users\Dell\AppData\Local\Temp\playwright-java-18335691241620246686\package\lib\server\dispatchers\dispatcher.js:397:46)
}
	at com.microsoft.playwright.impl.WaitableResult.get(WaitableResult.java:52)
	at com.microsoft.playwright.impl.ChannelOwner.runUntil(ChannelOwner.java:109)
	at com.microsoft.playwright.impl.Connection.sendMessage(Connection.java:108)
	at com.microsoft.playwright.impl.ChannelOwner.sendMessage(ChannelOwner.java:100)
	at com.microsoft.playwright.impl.FrameImpl.waitForSelectorImpl(FrameImpl.java:982)
	at com.microsoft.playwright.impl.LocatorImpl.lambda$waitForImpl$6(LocatorImpl.java:500)
	at com.microsoft.playwright.impl.LoggingSupport.withLogging(LoggingSupport.java:47)
	at com.microsoft.playwright.impl.ChannelOwner.withLogging(ChannelOwner.java:85)
	at com.microsoft.playwright.impl.LocatorImpl.waitForImpl(LocatorImpl.java:500)
	at com.microsoft.playwright.impl.LocatorImpl.waitFor(LocatorImpl.java:496)
	at pages.CreateNewProjectPage.waitForPopup(CreateNewProjectPage.java:42)
	at testcases.FullUserJourneyTest.openAndCloseCreateNewProjectPopup(FullUserJourneyTest.java:481)
	at java.base/jdk.internal.reflect.NativeMethodAccessorImpl.invoke0(Native Method)
	at java.base/jdk.internal.reflect.NativeMethodAccessorImpl.invoke(NativeMethodAccessorImpl.java:77)
	at java.base/jdk.internal.reflect.DelegatingMethodAccessorImpl.invoke(DelegatingMethodAccessorImpl.java:43)
	at java.base/java.lang.reflect.Method.invoke(Method.java:568)
	at org.testng.internal.MethodInvocationHelper.invokeMethod(MethodInvocationHelper.java:124)
	at org.testng.internal.Invoker.invokeMethod(Invoker.java:583)
	at org.testng.internal.Invoker.invokeTestMethod(Invoker.java:719)
	at org.testng.internal.Invoker.invokeTestMethods(Invoker.java:989)
	at org.testng.internal.TestMethodWorker.invokeTestMethods(TestMethodWorker.java:125)
	at org.testng.internal.TestMethodWorker.run(TestMethodWorker.java:109)
	at java.base/java.util.concurrent.ThreadPoolExecutor.runWorker(ThreadPoolExecutor.java:1136)
	at java.base/java.util.concurrent.ThreadPoolExecutor$Worker.run(ThreadPoolExecutor.java:635)
	at java.base/java.lang.Thread.run(Thread.java:842)
Caused by: com.microsoft.playwright.TimeoutError: Error {
  message='Timeout 10000ms exceeded.
=========================== logs ===========================
waiting for selector "iframe[name='CreateProjectWindow']" to be visible
============================================================
  name='TimeoutError
  stack='TimeoutError: Timeout 10000ms exceeded.
=========================== logs ===========================
waiting for selector "iframe[name='CreateProjectWindow']" to be visible
============================================================
    at ProgressController.run (C:\Users\Dell\AppData\Local\Temp\playwright-java-18335691241620246686\package\lib\server\progress.js:96:26)
    at Frame.waitForSelector (C:\Users\Dell\AppData\Local\Temp\playwright-java-18335691241620246686\package\lib\server\frames.js:843:23)
    at FrameDispatcher.waitForSelector (C:\Users\Dell\AppData\Local\Temp\playwright-java-18335691241620246686\package\lib\server\dispatchers\frameDispatcher.js:111:110)
    at DispatcherConnection.dispatch (C:\Users\Dell\AppData\Local\Temp\playwright-java-18335691241620246686\package\lib\server\dispatchers\dispatcher.js:397:46)
}
	at com.microsoft.playwright.impl.Connection.dispatch(Connection.java:188)
	at com.microsoft.playwright.impl.Connection.processOneMessage(Connection.java:170)
	at com.microsoft.playwright.impl.ChannelOwner.runUntil(ChannelOwner.java:107)
	... 23 more
]]></system-err>
  </testcase>
</testsuite>