<?xml version="1.0" encoding="UTF-8"?>
<!-- Generated by org.testng.reporters.JUnitXMLReporter -->
<testsuite ignored="1" hostname="DESKTOP-22VC4B1" failures="1" tests="10" name="All Tests" time="969.355" errors="0" timestamp="22 Jul 2025 17:37:32 GMT">
  <testcase classname="testcases.FullUserJourneyTest" name="completeLoginAndTabSelection" time="101.875"/>
  <testcase classname="testcases.FullUserJourneyTest" name="panelExpansion" time="20.655">
    <failure type="java.lang.RuntimeException" message="Test failed due to exception: ">
      <![CDATA[java.lang.RuntimeException: Test failed due to exception: 
at testcases.FullUserJourneyTest.panelExpansion(FullUserJourneyTest.java:103)
at java.base/java.util.concurrent.ThreadPoolExecutor.runWorker(ThreadPoolExecutor.java:1136)
at java.base/java.util.concurrent.ThreadPoolExecutor$Worker.run(ThreadPoolExecutor.java:635)
at java.base/java.lang.Thread.run(Thread.java:842)
Caused by: com.microsoft.playwright.TimeoutError: Error {
  message='Timeout 15000ms exceeded.
=========================== logs ===========================
waiting for selector "//span[@class='rtbText' and text()='Acquisition']" to be visible
  selector resolved to hidden <span class="rtbText">Acquisition</span>
============================================================
  name='TimeoutError
  stack='TimeoutError: Timeout 15000ms exceeded.
=========================== logs ===========================
waiting for selector "//span[@class='rtbText' and text()='Acquisition']" to be visible
  selector resolved to hidden <span class="rtbText">Acquisition</span>
============================================================
    at ProgressController.run (C:\Users\Dell\AppData\Local\Temp\playwright-java-18335691241620246686\package\lib\server\progress.js:96:26)
    at Frame.waitForSelector (C:\Users\Dell\AppData\Local\Temp\playwright-java-18335691241620246686\package\lib\server\frames.js:843:23)
    at FrameDispatcher.waitForSelector (C:\Users\Dell\AppData\Local\Temp\playwright-java-18335691241620246686\package\lib\server\dispatchers\frameDispatcher.js:111:110)
    at DispatcherConnection.dispatch (C:\Users\Dell\AppData\Local\Temp\playwright-java-18335691241620246686\package\lib\server\dispatchers\dispatcher.js:397:46)
}
at com.microsoft.playwright.impl.WaitableResult.get(WaitableResult.java:52)
at com.microsoft.playwright.impl.ChannelOwner.runUntil(ChannelOwner.java:109)
at com.microsoft.playwright.impl.Connection.sendMessage(Connection.java:108)
at com.microsoft.playwright.impl.ChannelOwner.sendMessage(ChannelOwner.java:100)
at com.microsoft.playwright.impl.FrameImpl.waitForSelectorImpl(FrameImpl.java:982)
at com.microsoft.playwright.impl.LocatorImpl.lambda$waitForImpl$6(LocatorImpl.java:500)
at com.microsoft.playwright.impl.LoggingSupport.withLogging(LoggingSupport.java:47)
at com.microsoft.playwright.impl.ChannelOwner.withLogging(ChannelOwner.java:85)
at com.microsoft.playwright.impl.LocatorImpl.waitForImpl(LocatorImpl.java:500)
at com.microsoft.playwright.impl.LocatorImpl.waitFor(LocatorImpl.java:496)
at pages.ExpandPanelPage.selectDomain(ExpandPanelPage.java:31)
at testcases.FullUserJourneyTest.panelExpansion(FullUserJourneyTest.java:90)
... 13 more
Caused by: com.microsoft.playwright.TimeoutError: Error {
  message='Timeout 15000ms exceeded.
=========================== logs ===========================
waiting for selector "//span[@class='rtbText' and text()='Acquisition']" to be visible
  selector resolved to hidden <span class="rtbText">Acquisition</span>
============================================================
  name='TimeoutError
  stack='TimeoutError: Timeout 15000ms exceeded.
=========================== logs ===========================
waiting for selector "//span[@class='rtbText' and text()='Acquisition']" to be visible
  selector resolved to hidden <span class="rtbText">Acquisition</span>
============================================================
    at ProgressController.run (C:\Users\Dell\AppData\Local\Temp\playwright-java-18335691241620246686\package\lib\server\progress.js:96:26)
    at Frame.waitForSelector (C:\Users\Dell\AppData\Local\Temp\playwright-java-18335691241620246686\package\lib\server\frames.js:843:23)
    at FrameDispatcher.waitForSelector (C:\Users\Dell\AppData\Local\Temp\playwright-java-18335691241620246686\package\lib\server\dispatchers\frameDispatcher.js:111:110)
    at DispatcherConnection.dispatch (C:\Users\Dell\AppData\Local\Temp\playwright-java-18335691241620246686\package\lib\server\dispatchers\dispatcher.js:397:46)
}
at com.microsoft.playwright.impl.Connection.dispatch(Connection.java:188)
at com.microsoft.playwright.impl.Connection.processOneMessage(Connection.java:170)
at com.microsoft.playwright.impl.ChannelOwner.runUntil(ChannelOwner.java:107)
... 23 more
... Removed 10 stack frames]]>
    </failure>
  </testcase> <!-- panelExpansion -->
  <testcase classname="testcases.FullUserJourneyTest" name="createNewFileAndCheckRow" time="83.08"/>
  <testcase classname="testcases.FullUserJourneyTest" name="clickTopMenuItems" time="113.853"/>
  <testcase classname="testcases.FullUserJourneyTest" name="expandAndCollapseAllPanelsInAllTabs" time="133.51"/>
  <testcase classname="testcases.FullUserJourneyTest" name="adminMenuNavigation" time="296.427"/>
  <testcase classname="testcases.FullUserJourneyTest" name="switchToDomain2AndSelectFirstFile" time="120.434"/>
  <testcase classname="testcases.FullUserJourneyTest" name="expandAndCollapsePanelsInAllTabsAfterFileSelection" time="65.291"/>
  <testcase classname="testcases.FullUserJourneyTest" name="openAndCloseCreateNewFilePopup" time="17.438"/>
  <testcase classname="testcases.FullUserJourneyTest" name="openAndCloseCreateNewProjectPopup" time="16.646"/>
  <testcase classname="testcases.FullUserJourneyTest" name="loginAndOpenClosePanels" time="0.0">
    <ignored/>
  </testcase> <!-- loginAndOpenClosePanels -->
</testsuite> <!-- All Tests -->
